[01m[Ksrc/Functions/swerve.c:1:1:[m[K [01;31m[Kerror: [m[Kexpected identifier or '[01m[K([m[K' before '[01m[K<[m[K' token
    1 | [01;31m[K<[m[K!DOCTYPE html>
      | [01;31m[K^[m[K
[01m[Ksrc/Functions/swerve.c:8:11:[m[K [01;31m[Kerror: [m[Kinvalid suffix "px" on integer constant
    8 |   height: [01;31m[K3px[m[K;
      |           [01;31m[K^~~[m[K
[01m[Ksrc/Functions/swerve.c:9:15:[m[K [01;31m[Kerror: [m[Kstray '[01m[K#[m[K' in program
    9 |   background: [01;31m[K#[m[K0076ff;
      |               [01;31m[K^[m[K
[01m[Ksrc/Functions/swerve.c:9:16:[m[K [01;31m[Kerror: [m[Kinvalid suffix "ff" on integer constant
    9 |   background: #[01;31m[K0076ff[m[K;
      |                [01;31m[K^~~~~~[m[K
[01m[Ksrc/Functions/swerve.c:12:11:[m[K [01;31m[Kerror: [m[Kinvalid suffix "ms" on integer constant
   12 |     width [01;31m[K300ms[m[K ease-out,
      |           [01;31m[K^~~~~[m[K
[01m[Ksrc/Functions/swerve.c:13:13:[m[K [01;31m[Kerror: [m[Kinvalid suffix "ms" on integer constant
   13 |     opacity [01;31m[K150ms[m[K 150ms ease-in;
      |             [01;31m[K^~~~~[m[K
[01m[Ksrc/Functions/swerve.c:13:19:[m[K [01;31m[Kerror: [m[Kinvalid suffix "ms" on integer constant
   13 |     opacity 150ms [01;31m[K150ms[m[K ease-in;
      |                   [01;31m[K^~~~~[m[K
[01m[Ksrc/Functions/swerve.c:16:1:[m[K [01;31m[Kerror: [m[Kexpected identifier or '[01m[K([m[K' before '[01m[K<[m[K' token
   16 | [01;31m[K<[m[K/style>
      | [01;31m[K^[m[K
[01m[Ksrc/Functions/swerve.c:220:10:[m[K [01;35m[Kwarning: [m[Kmissing terminating ' character
  220 |     <!-- [01;35m[K'[m[K"` --><!-- </textarea></xmp> --><form class="js-site-search-form" role="search" aria-label="Site" data-scope-type="Repository" data-scope-id="587922574" data-scoped-search-url="/OmeedER/Vex_Swerve_Drive/search" data-owner-scoped-search-url="/users/OmeedER/search" data-unscoped-search-url="/search" data-turbo="false" action="https://github.com/OmeedER/Vex_Swerve_Drive/search" accept-charset="UTF-8" method="get">
      |          [01;35m[K^[m[K
[01m[Ksrc/Functions/swerve.c:220:10:[m[K [01;31m[Kerror: [m[Kmissing terminating ' character
  220 |     <!-- [01;31m[K'"` --><!-- </textarea></xmp> --><form class="js-site-search-form" role="search" aria-label="Site" data-scope-type="Repository" data-scope-id="587922574" data-scoped-search-url="/OmeedER/Vex_Swerve_Drive/search" data-owner-scoped-search-url="/users/OmeedER/search" data-unscoped-search-url="/search" data-turbo="false" action="https://github.com/OmeedER/Vex_Swerve_Drive/search" accept-charset="UTF-8" method="get">[m[K
      |          [01;31m[K^~~~~~~~~~~~~~~~~~~~~~~~~~~~~~~~~~~~~~~~~~~~~~~~~~~~~~~~~~~~~~~~~~~~~~~~~~~~~~~~~~~~~~~~~~~~~~~~~~~~~~~~~~~~~~~~~~~~~~~~~~~~~~~~~~~~~~~~~~~~~~~~~~~~~~~~~~~~~~~~~~~~~~~~~~~~~~~~~~~~~~~~~~~~~~~~~~~~~~~~~~~~~~~~~~~~~~~~~~~~~~~~~~~~~~~~~~~~~~~~~~~~~~~~~~~~~~~~~~~~~~~~~~~~~~~~~~~~~~~~~~~~~~~~~~~~~~~~~~~~~~~~~~~~~~~~~~~~~~~~~~~~~~~~~~~~~~~~~~~~~~~~~~~~~~~~~~~~~~~~~~~~~~~~~~~~~~~~~~~~~~~~~~~~~~~~~~~~~~~~~~~~~~~~~~~~~~~[m[K
[01m[Ksrc/Functions/swerve.c:259:75:[m[K [01;31m[Kerror: [m[Kstray '[01m[K\342[m[K' in program
  259 |       <span aria-hidden="true" class="d-inline-block ml-1 v-align-middle">[01;31m[K↵[m[K</span>
      |                                                                           [01;31m[K^[m[K
[01m[Ksrc/Functions/swerve.c:264:56:[m[K [01;31m[Kerror: [m[Kstray '[01m[K\342[m[K' in program
  264 |       <span class="d-inline-block ml-1 v-align-middle">[01;31m[K↵[m[K</span>
      |                                                        [01;31m[K^[m[K
[01m[Ksrc/Functions/swerve.c:306:75:[m[K [01;31m[Kerror: [m[Kstray '[01m[K\342[m[K' in program
  306 |       <span aria-hidden="true" class="d-inline-block ml-1 v-align-middle">[01;31m[K↵[m[K</span>
      |                                                                           [01;31m[K^[m[K
[01m[Ksrc/Functions/swerve.c:311:56:[m[K [01;31m[Kerror: [m[Kstray '[01m[K\342[m[K' in program
  311 |       <span class="d-inline-block ml-1 v-align-middle">[01;31m[K↵[m[K</span>
      |                                                        [01;31m[K^[m[K
[01m[Ksrc/Functions/swerve.c:344:75:[m[K [01;31m[Kerror: [m[Kstray '[01m[K\342[m[K' in program
  344 |       <span aria-hidden="true" class="d-inline-block ml-1 v-align-middle">[01;31m[K↵[m[K</span>
      |                                                                           [01;31m[K^[m[K
[01m[Ksrc/Functions/swerve.c:349:56:[m[K [01;31m[Kerror: [m[Kstray '[01m[K\342[m[K' in program
  349 |       <span class="d-inline-block ml-1 v-align-middle">[01;31m[K↵[m[K</span>
      |                                                        [01;31m[K^[m[K
[01m[Ksrc/Functions/swerve.c:382:75:[m[K [01;31m[Kerror: [m[Kstray '[01m[K\342[m[K' in program
  382 |       <span aria-hidden="true" class="d-inline-block ml-1 v-align-middle">[01;31m[K↵[m[K</span>
      |                                                                           [01;31m[K^[m[K
[01m[Ksrc/Functions/swerve.c:387:56:[m[K [01;31m[Kerror: [m[Kstray '[01m[K\342[m[K' in program
  387 |       <span class="d-inline-block ml-1 v-align-middle">[01;31m[K↵[m[K</span>
      |                                                        [01;31m[K^[m[K
[01m[Ksrc/Functions/swerve.c:430:10:[m[K [01;35m[Kwarning: [m[Kmissing terminating ' character
  430 |     <!-- [01;35m[K'[m[K"` --><!-- </textarea></xmp> --><form data-turbo="false" action="https://github.com/logout" accept-charset="UTF-8" method="post"><input type="hidden" name="authenticity_token" value="zTpUz_0w3SKVyWuTeXwkguSz5gk6ap1nFF2a0PEB55_hU_te0TG_LFpjN-59vrAw048uuMaqWo7i2VlVwpZdXQ">
      |          [01;35m[K^[m[K
[01m[Ksrc/Functions/swerve.c:430:10:[m[K [01;31m[Kerror: [m[Kmissing terminating ' character
  430 |     <!-- [01;31m[K'"` --><!-- </textarea></xmp> --><form data-turbo="false" action="https://github.com/logout" accept-charset="UTF-8" method="post"><input type="hidden" name="authenticity_token" value="zTpUz_0w3SKVyWuTeXwkguSz5gk6ap1nFF2a0PEB55_hU_te0TG_LFpjN-59vrAw048uuMaqWo7i2VlVwpZdXQ">[m[K
      |          [01;31m[K^~~~~~~~~~~~~~~~~~~~~~~~~~~~~~~~~~~~~~~~~~~~~~~~~~~~~~~~~~~~~~~~~~~~~~~~~~~~~~~~~~~~~~~~~~~~~~~~~~~~~~~~~~~~~~~~~~~~~~~~~~~~~~~~~~~~~~~~~~~~~~~~~~~~~~~~~~~~~~~~~~~~~~~~~~~~~~~~~~~~~~~~~~~~~~~~~~~~~~~~~~~~~~~~~~~~~~~~~~~~~~~~~~~~~~~~~~~~~~~~~~~~~~~~~~~~~~~~~~~~~~~~~~~~~~~~[m[K
[01m[Ksrc/Functions/swerve.c:565:275:[m[K [01;35m[Kwarning: [m[Kmissing terminating " character
  565 |     <command-palette class="command-palette color-bg-default rounded-3 border color-shadow-small" return-to="/OmeedER/Vex_Swerve_Drive/tree/main/SwerveDrive/src/Functions" user-id="122493410" activation-hotkey="Mod+k,Mod+Alt+k" command-mode-hotkey="Mod+Shift+k" data-action=[01;35m[K"[m[K
      |                                                                                                                                                                                                                                                                                   [01;35m[K^[m[K
[01m[Ksrc/Functions/swerve.c:565:275:[m[K [01;31m[Kerror: [m[Kmissing terminating " character
[01m[Ksrc/Functions/swerve.c:566:52:[m[K [01;31m[Kerror: [m[Kstray '[01m[K#[m[K' in program
  566 |         command-palette-input-ready:command-palette[01;31m[K#[m[KinputReady
      |                                                    [01;31m[K^[m[K
[01m[Ksrc/Functions/swerve.c:567:59:[m[K [01;31m[Kerror: [m[Kstray '[01m[K#[m[K' in program
  567 |         command-palette-page-stack-updated:command-palette[01;31m[K#[m[KupdateInputScope
      |                                                           [01;31m[K^[m[K
[01m[Ksrc/Functions/swerve.c:568:37:[m[K [01;31m[Kerror: [m[Kstray '[01m[K#[m[K' in program
  568 |         itemsUpdated:command-palette[01;31m[K#[m[KitemsUpdated
      |                                     [01;31m[K^[m[K
[01m[Ksrc/Functions/swerve.c:569:32:[m[K [01;31m[Kerror: [m[Kstray '[01m[K#[m[K' in program
  569 |         keydown:command-palette[01;31m[K#[m[KonKeydown
      |                                [01;31m[K^[m[K
[01m[Ksrc/Functions/swerve.c:570:44:[m[K [01;31m[Kerror: [m[Kstray '[01m[K#[m[K' in program
  570 |         loadingStateChanged:command-palette[01;31m[K#[m[KloadingStateChanged
      |                                            [01;31m[K^[m[K
[01m[Ksrc/Functions/swerve.c:571:44:[m[K [01;31m[Kerror: [m[Kstray '[01m[K#[m[K' in program
  571 |         selectedItemChanged:command-palette[01;31m[K#[m[KselectedItemChanged
      |                                            [01;31m[K^[m[K
[01m[Ksrc/Functions/swerve.c:572:39:[m[K [01;31m[Kerror: [m[Kstray '[01m[K#[m[K' in program
  572 |         pageFetchError:command-palette[01;31m[K#[m[KpageFetchError
      |                                       [01;31m[K^[m[K
[01m[Ksrc/Functions/swerve.c:573:24:[m[K [01;35m[Kwarning: [m[Kmissing terminating " character
  573 |       " data-catalyst="[01;35m[K"[m[K>
      |                        [01;35m[K^[m[K
[01m[Ksrc/Functions/swerve.c:573:24:[m[K [01;31m[Kerror: [m[Kmissing terminating " character
  573 |       " data-catalyst="[01;31m[K">[m[K
      |                        [01;31m[K^~[m[K
[01m[Ksrc/Functions/swerve.c:587:77:[m[K [01;35m[Kwarning: [m[Kmissing terminating " character
  587 |       <command-palette-input placeholder="Search or jump to..." data-action=[01;35m[K"[m[K
      |                                                                             [01;35m[K^[m[K
[01m[Ksrc/Functions/swerve.c:587:77:[m[K [01;31m[Kerror: [m[Kmissing terminating " character
[01m[Ksrc/Functions/swerve.c:588:48:[m[K [01;31m[Kerror: [m[Kstray '[01m[K#[m[K' in program
  588 |           command-palette-input:command-palette[01;31m[K#[m[KonInput
      |                                                [01;31m[K^[m[K
[01m[Ksrc/Functions/swerve.c:589:49:[m[K [01;31m[Kerror: [m[Kstray '[01m[K#[m[K' in program
  589 |           command-palette-select:command-palette[01;31m[K#[m[KonSelect
      |                                                 [01;31m[K^[m[K
[01m[Ksrc/Functions/swerve.c:590:50:[m[K [01;31m[Kerror: [m[Kstray '[01m[K#[m[K' in program
  590 |           command-palette-descope:command-palette[01;31m[K#[m[KonDescope
      |                                                  [01;31m[K^[m[K
[01m[Ksrc/Functions/swerve.c:591:50:[m[K [01;31m[Kerror: [m[Kstray '[01m[K#[m[K' in program
  591 |           command-palette-cleared:command-palette[01;31m[K#[m[KonInputClear
      |                                                  [01;31m[K^[m[K
[01m[Ksrc/Functions/swerve.c:592:100:[m[K [01;35m[Kwarning: [m[Kmissing terminating " character
  592 |         " data-catalyst="" class="d-flex flex-items-center flex-nowrap py-1 pl-3 pr-2 border-bottom[01;35m[K"[m[K>
      |                                                                                                    [01;35m[K^[m[K
[01m[Ksrc/Functions/swerve.c:592:100:[m[K [01;31m[Kerror: [m[Kmissing terminating " character
  592 |         " data-catalyst="" class="d-flex flex-items-center flex-nowrap py-1 pl-3 pr-2 border-bottom[01;31m[K">[m[K
      |                                                                                                    [01;31m[K^~[m[K
[01m[Ksrc/Functions/swerve.c:605:105:[m[K [01;31m[Kerror: [m[Kexpected identifier or '[01m[K([m[K' before '[01m[K&[m[K' token
  605 |           <div data-target="command-palette-scope.placeholder" hidden="" class="color-fg-subtle">/&nbsp;[01;31m[K&[m[Knbsp;<span class="text-semibold color-fg-default">...</span>&nbsp;&nbsp;/&nbsp;&nbsp;</div>
      |                                                                                                         [01;31m[K^[m[K
[01m[Ksrc/Functions/swerve.c:605:111:[m[K [01;31m[Kerror: [m[Kexpected identifier or '[01m[K([m[K' before '[01m[K<[m[K' token
  605 |           <div data-target="command-palette-scope.placeholder" hidden="" class="color-fg-subtle">/&nbsp;&nbsp;[01;31m[K<[m[Kspan class="text-semibold color-fg-default">...</span>&nbsp;&nbsp;/&nbsp;&nbsp;</div>
      |                                                                                                               [01;31m[K^[m[K
[01m[Ksrc/Functions/swerve.c:605:172:[m[K [01;31m[Kerror: [m[Kexpected identifier or '[01m[K([m[K' before '[01m[K&[m[K' token
  605 |           <div data-target="command-palette-scope.placeholder" hidden="" class="color-fg-subtle">/&nbsp;&nbsp;<span class="text-semibold color-fg-default">...</span>&nbsp;[01;31m[K&[m[Knbsp;/&nbsp;&nbsp;</div>
      |                                                                                                                                                                            [01;31m[K^[m[K
[01m[Ksrc/Functions/swerve.c:605:178:[m[K [01;31m[Kerror: [m[Kexpected identifier or '[01m[K([m[K' before '[01m[K/[m[K' token
  605 |           <div data-target="command-palette-scope.placeholder" hidden="" class="color-fg-subtle">/&nbsp;&nbsp;<span class="text-semibold color-fg-default">...</span>&nbsp;&nbsp;[01;31m[K/[m[K&nbsp;&nbsp;</div>
      |                                                                                                                                                                                  [01;31m[K^[m[K
[01m[Ksrc/Functions/swerve.c:605:185:[m[K [01;31m[Kerror: [m[Kexpected identifier or '[01m[K([m[K' before '[01m[K&[m[K' token
  605 |           <div data-target="command-palette-scope.placeholder" hidden="" class="color-fg-subtle">/&nbsp;&nbsp;<span class="text-semibold color-fg-default">...</span>&nbsp;&nbsp;/&nbsp;[01;31m[K&[m[Knbsp;</div>
      |                                                                                                                                                                                         [01;31m[K^[m[K
[01m[Ksrc/Functions/swerve.c:605:191:[m[K [01;31m[Kerror: [m[Kexpected identifier or '[01m[K([m[K' before '[01m[K<[m[K' token
  605 |           <div data-target="command-palette-scope.placeholder" hidden="" class="color-fg-subtle">/&nbsp;&nbsp;<span class="text-semibold color-fg-default">...</span>&nbsp;&nbsp;/&nbsp;&nbsp;[01;31m[K<[m[K/div>
      |                                                                                                                                                                                               [01;31m[K^[m[K
[01m[Ksrc/Functions/swerve.c:606:326:[m[K [01;31m[Kerror: [m[Kexpected identifier or '[01m[K([m[K' before '[01m[K&[m[K' token
  606 |               <command-palette-token data-text="OmeedER" data-id="U_kgDOB00Z4g" data-type="owner" data-value="OmeedER" data-targets="command-palette-scope.tokens" class="color-fg-default text-semibold" style="white-space:nowrap;line-height:20px;" id="" data-catalyst="">OmeedER<span class="color-fg-subtle text-normal">&nbsp;[01;31m[K&[m[Knbsp;/&nbsp;&nbsp;</span></command-palette-token>
      |                                                                                                                                                                                                                                                                                                                                      [01;31m[K^[m[K
[01m[Ksrc/Functions/swerve.c:606:332:[m[K [01;31m[Kerror: [m[Kexpected identifier or '[01m[K([m[K' before '[01m[K/[m[K' token
  606 |               <command-palette-token data-text="OmeedER" data-id="U_kgDOB00Z4g" data-type="owner" data-value="OmeedER" data-targets="command-palette-scope.tokens" class="color-fg-default text-semibold" style="white-space:nowrap;line-height:20px;" id="" data-catalyst="">OmeedER<span class="color-fg-subtle text-normal">&nbsp;&nbsp;[01;31m[K/[m[K&nbsp;&nbsp;</span></command-palette-token>
      |                                                                                                                                                                                                                                                                                                                                            [01;31m[K^[m[K
[01m[Ksrc/Functions/swerve.c:606:339:[m[K [01;31m[Kerror: [m[Kexpected identifier or '[01m[K([m[K' before '[01m[K&[m[K' token
  606 |               <command-palette-token data-text="OmeedER" data-id="U_kgDOB00Z4g" data-type="owner" data-value="OmeedER" data-targets="command-palette-scope.tokens" class="color-fg-default text-semibold" style="white-space:nowrap;line-height:20px;" id="" data-catalyst="">OmeedER<span class="color-fg-subtle text-normal">&nbsp;&nbsp;/&nbsp;[01;31m[K&[m[Knbsp;</span></command-palette-token>
      |                                                                                                                                                                                                                                                                                                                                                   [01;31m[K^[m[K
[01m[Ksrc/Functions/swerve.c:606:345:[m[K [01;31m[Kerror: [m[Kexpected identifier or '[01m[K([m[K' before '[01m[K<[m[K' token
  606 |               <command-palette-token data-text="OmeedER" data-id="U_kgDOB00Z4g" data-type="owner" data-value="OmeedER" data-targets="command-palette-scope.tokens" class="color-fg-default text-semibold" style="white-space:nowrap;line-height:20px;" id="" data-catalyst="">OmeedER<span class="color-fg-subtle text-normal">&nbsp;&nbsp;/&nbsp;&nbsp;[01;31m[K<[m[K/span></command-palette-token>
      |                                                                                                                                                                                                                                                                                                                                                         [01;31m[K^[m[K
[01m[Ksrc/Functions/swerve.c:607:358:[m[K [01;31m[Kerror: [m[Kexpected identifier or '[01m[K([m[K' before '[01m[K&[m[K' token
  607 |               <command-palette-token data-text="Vex_Swerve_Drive" data-id="R_kgDOIwr8jg" data-type="repository" data-value="Vex_Swerve_Drive" data-targets="command-palette-scope.tokens" class="color-fg-default text-semibold" style="white-space:nowrap;line-height:20px;" id="" data-catalyst="">Vex_Swerve_Drive<span class="color-fg-subtle text-normal">&nbsp;[01;31m[K&[m[Knbsp;/&nbsp;&nbsp;</span></command-palette-token>
      |                                                                                                                                                                                                                                                                                                                                                                      [01;31m[K^[m[K
[01m[Ksrc/Functions/swerve.c:607:364:[m[K [01;31m[Kerror: [m[Kexpected identifier or '[01m[K([m[K' before '[01m[K/[m[K' token
  607 |               <command-palette-token data-text="Vex_Swerve_Drive" data-id="R_kgDOIwr8jg" data-type="repository" data-value="Vex_Swerve_Drive" data-targets="command-palette-scope.tokens" class="color-fg-default text-semibold" style="white-space:nowrap;line-height:20px;" id="" data-catalyst="">Vex_Swerve_Drive<span class="color-fg-subtle text-normal">&nbsp;&nbsp;[01;31m[K/[m[K&nbsp;&nbsp;</span></command-palette-token>
      |                                                                                                                                                                                                                                                                                                                                                                            [01;31m[K^[m[K
[01m[Ksrc/Functions/swerve.c:607:371:[m[K [01;31m[Kerror: [m[Kexpected identifier or '[01m[K([m[K' before '[01m[K&[m[K' token
  607 |               <command-palette-token data-text="Vex_Swerve_Drive" data-id="R_kgDOIwr8jg" data-type="repository" data-value="Vex_Swerve_Drive" data-targets="command-palette-scope.tokens" class="color-fg-default text-semibold" style="white-space:nowrap;line-height:20px;" id="" data-catalyst="">Vex_Swerve_Drive<span class="color-fg-subtle text-normal">&nbsp;&nbsp;/&nbsp;[01;31m[K&[m[Knbsp;</span></command-palette-token>
      |                                                                                                                                                                                                                                                                                                                                                                                   [01;31m[K^[m[K
[01m[Ksrc/Functions/swerve.c:607:377:[m[K [01;31m[Kerror: [m[Kexpected identifier or '[01m[K([m[K' before '[01m[K<[m[K' token
  607 |               <command-palette-token data-text="Vex_Swerve_Drive" data-id="R_kgDOIwr8jg" data-type="repository" data-value="Vex_Swerve_Drive" data-targets="command-palette-scope.tokens" class="color-fg-default text-semibold" style="white-space:nowrap;line-height:20px;" id="" data-catalyst="">Vex_Swerve_Drive<span class="color-fg-subtle text-normal">&nbsp;&nbsp;/&nbsp;&nbsp;[01;31m[K<[m[K/span></command-palette-token>
      |                                                                                                                                                                                                                                                                                                                                                                                         [01;31m[K^[m[K
[01m[Ksrc/Functions/swerve.c:616:397:[m[K [01;35m[Kwarning: [m[Kmissing terminating " character
  616 |           <input type="text" autocomplete="off" autocorrect="off" autocapitalize="off" spellcheck="false" class="js-input typeahead-input form-control border-0 box-shadow-none input-block width-full no-focus-indicator" aria-label="Command palette input" aria-haspopup="listbox" aria-expanded="false" aria-autocomplete="list" aria-controls="command-palette-page-stack" role="combobox" data-action=[01;35m[K"[m[K
      |                                                                                                                                                                                                                                                                                                                                                                                                             [01;35m[K^[m[K
[01m[Ksrc/Functions/swerve.c:616:397:[m[K [01;31m[Kerror: [m[Kmissing terminating " character
[01m[Ksrc/Functions/swerve.c:617:42:[m[K [01;31m[Kerror: [m[Kstray '[01m[K#[m[K' in program
  617 |               input:command-palette-input[01;31m[K#[m[KonInput
      |                                          [01;31m[K^[m[K
[01m[Ksrc/Functions/swerve.c:618:44:[m[K [01;31m[Kerror: [m[Kstray '[01m[K#[m[K' in program
  618 |               keydown:command-palette-input[01;31m[K#[m[KonKeydown
      |                                            [01;31m[K^[m[K
[01m[Ksrc/Functions/swerve.c:619:48:[m[K [01;35m[Kwarning: [m[Kmissing terminating " character
  619 |             " placeholder="Search or jump to...[01;35m[K"[m[K>
      |                                                [01;35m[K^[m[K
[01m[Ksrc/Functions/swerve.c:619:48:[m[K [01;31m[Kerror: [m[Kmissing terminating " character
  619 |             " placeholder="Search or jump to...[01;31m[K">[m[K
      |                                                [01;31m[K^~[m[K
[01m[Ksrc/Functions/swerve.c:634:44:[m[K [01;31m[Kerror: [m[Kstray '[01m[K#[m[K' in program
  634 |                   Type <kbd class="hx_kbd">[01;31m[K#[m[K</kbd> to search pull requests
      |                                            [01;31m[K^[m[K
[01m[Ksrc/Functions/swerve.c:645:44:[m[K [01;31m[Kerror: [m[Kstray '[01m[K#[m[K' in program
  645 |                   Type <kbd class="hx_kbd">[01;31m[K#[m[K</kbd> to search issues
      |                                            [01;31m[K^[m[K
[01m[Ksrc/Functions/swerve.c:656:44:[m[K [01;31m[Kerror: [m[Kstray '[01m[K#[m[K' in program
  656 |                   Type <kbd class="hx_kbd">[01;31m[K#[m[K</kbd> to search discussions
      |                                            [01;31m[K^[m[K
[01m[Ksrc/Functions/swerve.c:678:44:[m[K [01;31m[Kerror: [m[Kstray '[01m[K@[m[K' in program
  678 |                   Type <kbd class="hx_kbd">[01;31m[K@[m[K</kbd> to search teams
      |                                            [01;31m[K^[m[K
[01m[Ksrc/Functions/swerve.c:689:44:[m[K [01;31m[Kerror: [m[Kstray '[01m[K@[m[K' in program
  689 |                   Type <kbd class="hx_kbd">[01;31m[K@[m[K</kbd> to search people and organizations
      |                                            [01;31m[K^[m[K
[01m[Ksrc/Functions/swerve.c:700:48:[m[K [01;31m[Kerror: [m[Kexpected identifier or '[01m[K([m[K' before '[01m[K<[m[K' token
  700 |                   Type <kbd class="hx_kbd">&gt;[01;31m[K<[m[K/kbd> to activate command mode
      |                                                [01;31m[K^[m[K
[01m[Ksrc/Functions/swerve.c:722:31:[m[K [01;31m[Kerror: [m[Kstray '[01m[K@[m[K' in program
  722 |                   Type author:[01;31m[K@[m[Kme to search your content
      |                               [01;31m[K^[m[K
[01m[Ksrc/Functions/swerve.c:780:15:[m[K [01;31m[Kerror: [m[Kstray '[01m[K\342[m[K' in program
  780 |             We[01;31m[K’[m[Kve encountered an error and some results aren't available at this time. Type a new search or try again later.
      |               [01;31m[K^[m[K
[01m[Ksrc/Functions/swerve.c:780:63:[m[K [01;35m[Kwarning: [m[Kmissing terminating ' character
  780 |             We’ve encountered an error and some results aren[01;35m[K'[m[Kt available at this time. Type a new search or try again later.
      |                                                             [01;35m[K^[m[K
[01m[Ksrc/Functions/swerve.c:780:63:[m[K [01;31m[Kerror: [m[Kmissing terminating ' character
  780 |             We’ve encountered an error and some results aren[01;31m[K't available at this time. Type a new search or try again later.[m[K
      |                                                             [01;31m[K^~~~~~~~~~~~~~~~~~~~~~~~~~~~~~~~~~~~~~~~~~~~~~~~~~~~~~~~~~~~~~~~[m[K
[01m[Ksrc/Functions/swerve.c:875:25:[m[K [01;31m[Kerror: [m[Kunknown type name '[01m[Kto[m[K'
  875 |               Type &gt; [01;31m[Kto[m[K filter
      |                         [01;31m[K^~[m[K
[01m[Ksrc/Functions/swerve.c:876:13:[m[K [01;31m[Kerror: [m[Kexpected '[01m[K=[m[K', '[01m[K,[m[K', '[01m[K;[m[K', '[01m[Kasm[m[K' or '[01m[K__attribute__[m[K' before '[01m[K<[m[K' token
  876 |             [01;31m[K<[m[K/span>
      |             [01;31m[K^[m[K
[01m[Ksrc/Functions/swerve.c:887:25:[m[K [01;31m[Kerror: [m[Kunknown type name '[01m[Kto[m[K'
  887 |               Type &gt; [01;31m[Kto[m[K filter
      |                         [01;31m[K^~[m[K
[01m[Ksrc/Functions/swerve.c:888:13:[m[K [01;31m[Kerror: [m[Kexpected '[01m[K=[m[K', '[01m[K,[m[K', '[01m[K;[m[K', '[01m[Kasm[m[K' or '[01m[K__attribute__[m[K' before '[01m[K<[m[K' token
  888 |             [01;31m[K<[m[K/span>
      |             [01;31m[K^[m[K
[01m[Ksrc/Functions/swerve.c:975:20:[m[K [01;31m[Kerror: [m[Kstray '[01m[K#[m[K' in program
  975 |               Type [01;31m[K#[m[K to filter
      |                    [01;31m[K^[m[K
[01m[Ksrc/Functions/swerve.c:1064:37:[m[K [01;31m[Kerror: [m[Kstray '[01m[K#[m[K' in program
 1064 |                 <kbd class="hx_kbd">[01;31m[K#[m[K</kbd>
      |                                     [01;31m[K^[m[K
[01m[Ksrc/Functions/swerve.c:1070:37:[m[K [01;31m[Kerror: [m[Kstray '[01m[K#[m[K' in program
 1070 |                 <kbd class="hx_kbd">[01;31m[K#[m[K</kbd>
      |                                     [01;31m[K^[m[K
[01m[Ksrc/Functions/swerve.c:1076:37:[m[K [01;31m[Kerror: [m[Kstray '[01m[K@[m[K' in program
 1076 |                 <kbd class="hx_kbd">[01;31m[K@[m[K</kbd>
      |                                     [01;31m[K^[m[K
[01m[Ksrc/Functions/swerve.c:1094:41:[m[K [01;31m[Kerror: [m[Kexpected identifier or '[01m[K([m[K' before '[01m[K<[m[K' token
 1094 |                 <kbd class="hx_kbd">&gt;[01;31m[K<[m[K/kbd>
      |                                         [01;31m[K^[m[K
[01m[Ksrc/Functions/swerve.c:1100:37:[m[K [01;31m[Kerror: [m[Kstray '[01m[K#[m[K' in program
 1100 |                 <kbd class="hx_kbd">[01;31m[K#[m[K author:@me</kbd>
      |                                     [01;31m[K^[m[K
[01m[Ksrc/Functions/swerve.c:1100:46:[m[K [01;31m[Kerror: [m[Kstray '[01m[K@[m[K' in program
 1100 |                 <kbd class="hx_kbd"># author:[01;31m[K@[m[Kme</kbd>
      |                                              [01;31m[K^[m[K
[01m[Ksrc/Functions/swerve.c:1106:37:[m[K [01;31m[Kerror: [m[Kstray '[01m[K#[m[K' in program
 1106 |                 <kbd class="hx_kbd">[01;31m[K#[m[K author:@me</kbd>
      |                                     [01;31m[K^[m[K
[01m[Ksrc/Functions/swerve.c:1106:46:[m[K [01;31m[Kerror: [m[Kstray '[01m[K@[m[K' in program
 1106 |                 <kbd class="hx_kbd"># author:[01;31m[K@[m[Kme</kbd>
      |                                              [01;31m[K^[m[K
[01m[Ksrc/Functions/swerve.c:1112:37:[m[K [01;31m[Kerror: [m[Kstray '[01m[K#[m[K' in program
 1112 |                 <kbd class="hx_kbd">[01;31m[K#[m[K is:pr</kbd>
      |                                     [01;31m[K^[m[K
[01m[Ksrc/Functions/swerve.c:1118:37:[m[K [01;31m[Kerror: [m[Kstray '[01m[K#[m[K' in program
 1118 |                 <kbd class="hx_kbd">[01;31m[K#[m[K is:issue</kbd>
      |                                     [01;31m[K^[m[K
[01m[Ksrc/Functions/swerve.c:1124:37:[m[K [01;31m[Kerror: [m[Kstray '[01m[K#[m[K' in program
 1124 |                 <kbd class="hx_kbd">[01;31m[K#[m[K is:discussion</kbd>
      |                                     [01;31m[K^[m[K
[01m[Ksrc/Functions/swerve.c:1130:37:[m[K [01;31m[Kerror: [m[Kstray '[01m[K#[m[K' in program
 1130 |                 <kbd class="hx_kbd">[01;31m[K#[m[K is:project</kbd>
      |                                     [01;31m[K^[m[K
[01m[Ksrc/Functions/swerve.c:1136:37:[m[K [01;31m[Kerror: [m[Kstray '[01m[K#[m[K' in program
 1136 |                 <kbd class="hx_kbd">[01;31m[K#[m[K is:open</kbd>
      |                                     [01;31m[K^[m[K
[01m[Ksrc/Functions/swerve.c:1253:10:[m[K [01;35m[Kwarning: [m[Kmissing terminating ' character
 1253 |     <!-- [01;35m[K'[m[K"` --><!-- </textarea></xmp> --><form data-turbo="false" action="https://github.com/OmeedER/Vex_Swerve_Drive/profile_pin" accept-charset="UTF-8" method="post"><input type="hidden" name="authenticity_token" value="03qOlQVK9q-2j0JnkjLcQZ_lRW464qCHFMG06oCEbtRTZ7AaOzuTHXe6Dvx0loc06zkBH-YnElLrGYu_1Qe9aQ" autocomplete="off">
      |          [01;35m[K^[m[K
[01m[Ksrc/Functions/swerve.c:1253:10:[m[K [01;31m[Kerror: [m[Kmissing terminating ' character
 1253 |     <!-- [01;31m[K'"` --><!-- </textarea></xmp> --><form data-turbo="false" action="https://github.com/OmeedER/Vex_Swerve_Drive/profile_pin" accept-charset="UTF-8" method="post"><input type="hidden" name="authenticity_token" value="03qOlQVK9q-2j0JnkjLcQZ_lRW464qCHFMG06oCEbtRTZ7AaOzuTHXe6Dvx0loc06zkBH-YnElLrGYu_1Qe9aQ" autocomplete="off">[m[K
      |          [01;31m[K^~~~~~~~~~~~~~~~~~~~~~~~~~~~~~~~~~~~~~~~~~~~~~~~~~~~~~~~~~~~~~~~~~~~~~~~~~~~~~~~~~~~~~~~~~~~~~~~~~~~~~~~~~~~~~~~~~~~~~~~~~~~~~~~~~~~~~~~~~~~~~~~~~~~~~~~~~~~~~~~~~~~~~~~~~~~~~~~~~~~~~~~~~~~~~~~~~~~~~~~~~~~~~~~~~~~~~~~~~~~~~~~~~~~~~~~~~~~~~~~~~~~~~~~~~~~~~~~~~~~~~~~~~~~~~~~~~~~~~~~~~~~~~~~~~~~~~~~~~~~~~~~~~~~~~~~~~~~~~~~~[m[K
[01m[Ksrc/Functions/swerve.c:1300:20:[m[K [01;35m[Kwarning: [m[Kmissing terminating ' character
 1300 |               <!-- [01;35m[K'[m[K"` --><!-- </textarea></xmp> --><form data-target="notifications-list-subscription-form.form" data-action="submit:notifications-list-subscription-form#submitForm" data-turbo="false" action="https://github.com/notifications/subscribe" accept-charset="UTF-8" method="post"><input type="hidden" name="authenticity_token" value="s48rZ5mWZM_-mU_vi1lWtIkGKXsw5EP6VuC1HPvXKzFJmpeNHKUvQfIVHL97HCX5WTHXP939kzzv5aeNjO332A" autocomplete="off">
      |                    [01;35m[K^[m[K
[01m[Ksrc/Functions/swerve.c:1300:20:[m[K [01;31m[Kerror: [m[Kmissing terminating ' character
 1300 |               <!-- [01;31m[K'"` --><!-- </textarea></xmp> --><form data-target="notifications-list-subscription-form.form" data-action="submit:notifications-list-subscription-form#submitForm" data-turbo="false" action="https://github.com/notifications/subscribe" accept-charset="UTF-8" method="post"><input type="hidden" name="authenticity_token" value="s48rZ5mWZM_-mU_vi1lWtIkGKXsw5EP6VuC1HPvXKzFJmpeNHKUvQfIVHL97HCX5WTHXP939kzzv5aeNjO332A" autocomplete="off">[m[K
      |                    [01;31m[K^~~~~~~~~~~~~~~~~~~~~~~~~~~~~~~~~~~~~~~~~~~~~~~~~~~~~~~~~~~~~~~~~~~~~~~~~~~~~~~~~~~~~~~~~~~~~~~~~~~~~~~~~~~~~~~~~~~~~~~~~~~~~~~~~~~~~~~~~~~~~~~~~~~~~~~~~~~~~~~~~~~~~~~~~~~~~~~~~~~~~~~~~~~~~~~~~~~~~~~~~~~~~~~~~~~~~~~~~~~~~~~~~~~~~~~~~~~~~~~~~~~~~~~~~~~~~~~~~~~~~~~~~~~~~~~~~~~~~~~~~~~~~~~~~~~~~~~~~~~~~~~~~~~~~~~~~~~~~~~~~~~~~~~~~~~~~~~~~~~~~~~~~~~~~~~~~~~~~~~~~~~~~~~~~~~~~~~~~~~~~~~~~~~~~~~~~~~~~~~~~~~~~~~~~~~~~~~~~~~~~~~~~~~~~~~~~[m[K
[01m[Ksrc/Functions/swerve.c:1312:41:[m[K [01;31m[Kerror: [m[Kstray '[01m[K@[m[K' in program
 1312 |                       Participating and [01;31m[K@[m[Kmentions
      |                                         [01;31m[K^[m[K
[01m[Ksrc/Functions/swerve.c:1315:93:[m[K [01;31m[Kerror: [m[Kstray '[01m[K@[m[K' in program
 1315 |                       Only receive notifications from this repository when participating or [01;31m[K@[m[Kmentioned.
      |                                                                                             [01;31m[K^[m[K
[01m[Ksrc/Functions/swerve.c:1368:95:[m[K [01;31m[Kerror: [m[Kstray '[01m[K@[m[K' in program
 1368 |                     Select events you want to be notified of in addition to participating and [01;31m[K@[m[Kmentions.
      |                                                                                               [01;31m[K^[m[K
[01m[Ksrc/Functions/swerve.c:1389:18:[m[K [01;35m[Kwarning: [m[Kmissing terminating ' character
 1389 |             <!-- [01;35m[K'[m[K"` --><!-- </textarea></xmp> --><form data-target="notifications-list-subscription-form.customform" data-action="submit:notifications-list-subscription-form#submitCustomForm" data-turbo="false" action="https://github.com/notifications/subscribe" accept-charset="UTF-8" method="post"><input type="hidden" name="authenticity_token" value="A0FqGpJPqHa8g16mSQMShTgeRnGKtuhUfA7U3qYofsj5VNbwF3zj-LAPDfa5RmHI6Cm4NWevOJLFC8ZP0RKiIQ" autocomplete="off">
      |                  [01;35m[K^[m[K
[01m[Ksrc/Functions/swerve.c:1389:18:[m[K [01;31m[Kerror: [m[Kmissing terminating ' character
 1389 |             <!-- [01;31m[K'"` --><!-- </textarea></xmp> --><form data-target="notifications-list-subscription-form.customform" data-action="submit:notifications-list-subscription-form#submitCustomForm" data-turbo="false" action="https://github.com/notifications/subscribe" accept-charset="UTF-8" method="post"><input type="hidden" name="authenticity_token" value="A0FqGpJPqHa8g16mSQMShTgeRnGKtuhUfA7U3qYofsj5VNbwF3zj-LAPDfa5RmHI6Cm4NWevOJLFC8ZP0RKiIQ" autocomplete="off">[m[K
      |                  [01;31m[K^~~~~~~~~~~~~~~~~~~~~~~~~~~~~~~~~~~~~~~~~~~~~~~~~~~~~~~~~~~~~~~~~~~~~~~~~~~~~~~~~~~~~~~~~~~~~~~~~~~~~~~~~~~~~~~~~~~~~~~~~~~~~~~~~~~~~~~~~~~~~~~~~~~~~~~~~~~~~~~~~~~~~~~~~~~~~~~~~~~~~~~~~~~~~~~~~~~~~~~~~~~~~~~~~~~~~~~~~~~~~~~~~~~~~~~~~~~~~~~~~~~~~~~~~~~~~~~~~~~~~~~~~~~~~~~~~~~~~~~~~~~~~~~~~~~~~~~~~~~~~~~~~~~~~~~~~~~~~~~~~~~~~~~~~~~~~~~~~~~~~~~~~~~~~~~~~~~~~~~~~~~~~~~~~~~~~~~~~~~~~~~~~~~~~~~~~~~~~~~~~~~~~~~~~~~~~~~~~~~~~~~~~~~~~~~~~~~~~~~~~~~~~[m[K
[01m[Ksrc/Functions/swerve.c:1419:95:[m[K [01;31m[Kerror: [m[Kstray '[01m[K@[m[K' in program
 1419 |                     Select events you want to be notified of in addition to participating and [01;31m[K@[m[Kmentions.
      |                                                                                               [01;31m[K^[m[K
[01m[Ksrc/Functions/swerve.c:1530:12:[m[K [01;35m[Kwarning: [m[Kmissing terminating ' character
 1530 |       <!-- [01;35m[K'[m[K"` --><!-- </textarea></xmp> --><form class="js-social-form BtnGroup-parent flex-auto js-deferred-toggler-target" data-turbo="false" action="https://github.com/OmeedER/Vex_Swerve_Drive/unstar" accept-charset="UTF-8" method="post"><input type="hidden" name="authenticity_token" value="R3RLydgBhN98j0O-ICcvbB8jJlyLCSk3CNmONaIqOXG0IdqUsdF80MfUjKDgrCjZfJV5YVkADs-QFxW24zKlWg" autocomplete="off">
      |            [01;35m[K^[m[K
[01m[Ksrc/Functions/swerve.c:1530:12:[m[K [01;31m[Kerror: [m[Kmissing terminating ' character
 1530 |       <!-- [01;31m[K'"` --><!-- </textarea></xmp> --><form class="js-social-form BtnGroup-parent flex-auto js-deferred-toggler-target" data-turbo="false" action="https://github.com/OmeedER/Vex_Swerve_Drive/unstar" accept-charset="UTF-8" method="post"><input type="hidden" name="authenticity_token" value="R3RLydgBhN98j0O-ICcvbB8jJlyLCSk3CNmONaIqOXG0IdqUsdF80MfUjKDgrCjZfJV5YVkADs-QFxW24zKlWg" autocomplete="off">[m[K
      |            [01;31m[K^~~~~~~~~~~~~~~~~~~~~~~~~~~~~~~~~~~~~~~~~~~~~~~~~~~~~~~~~~~~~~~~~~~~~~~~~~~~~~~~~~~~~~~~~~~~~~~~~~~~~~~~~~~~~~~~~~~~~~~~~~~~~~~~~~~~~~~~~~~~~~~~~~~~~~~~~~~~~~~~~~~~~~~~~~~~~~~~~~~~~~~~~~~~~~~~~~~~~~~~~~~~~~~~~~~~~~~~~~~~~~~~~~~~~~~~~~~~~~~~~~~~~~~~~~~~~~~~~~~~~~~~~~~~~~~~~~~~~~~~~~~~~~~~~~~~~~~~~~~~~~~~~~~~~~~~~~~~~~~~~~~~~~~~~~~~~~~~~~~~~~~~~~~~~~~~~~~~~~~~~~~~~~~~~~~~~~~~~~~~~~~~~~~~~~~~[m[K
[01m[Ksrc/Functions/swerve.c:1567:12:[m[K [01;35m[Kwarning: [m[Kmissing terminating ' character
 1567 |       <!-- [01;35m[K'[m[K"` --><!-- </textarea></xmp> --><form class="js-social-form BtnGroup-parent flex-auto" data-turbo="false" action="https://github.com/OmeedER/Vex_Swerve_Drive/star" accept-charset="UTF-8" method="post"><input type="hidden" name="authenticity_token" value="CHEEUf58cL4AyCGd34LJWNa6Y_rOeM29SgCcGqikai3cdRaupcz3estXG2BwH0-nC7QjAYNHNC0u41dD_KkjqQ" autocomplete="off">
      |            [01;35m[K^[m[K
[01m[Ksrc/Functions/swerve.c:1567:12:[m[K [01;31m[Kerror: [m[Kmissing terminating ' character
 1567 |       <!-- [01;31m[K'"` --><!-- </textarea></xmp> --><form class="js-social-form BtnGroup-parent flex-auto" data-turbo="false" action="https://github.com/OmeedER/Vex_Swerve_Drive/star" accept-charset="UTF-8" method="post"><input type="hidden" name="authenticity_token" value="CHEEUf58cL4AyCGd34LJWNa6Y_rOeM29SgCcGqikai3cdRaupcz3estXG2BwH0-nC7QjAYNHNC0u41dD_KkjqQ" autocomplete="off">[m[K
      |            [01;31m[K^~~~~~~~~~~~~~~~~~~~~~~~~~~~~~~~~~~~~~~~~~~~~~~~~~~~~~~~~~~~~~~~~~~~~~~~~~~~~~~~~~~~~~~~~~~~~~~~~~~~~~~~~~~~~~~~~~~~~~~~~~~~~~~~~~~~~~~~~~~~~~~~~~~~~~~~~~~~~~~~~~~~~~~~~~~~~~~~~~~~~~~~~~~~~~~~~~~~~~~~~~~~~~~~~~~~~~~~~~~~~~~~~~~~~~~~~~~~~~~~~~~~~~~~~~~~~~~~~~~~~~~~~~~~~~~~~~~~~~~~~~~~~~~~~~~~~~~~~~~~~~~~~~~~~~~~~~~~~~~~~~~~~~~~~~~~~~~~~~~~~~~~~~~~~~~~~~~~~~~~~~~[m[K
[01m[Ksrc/Functions/swerve.c:1824:84:[m[K [01;35m[Kwarning: [m[Kmissing terminating " character
 1824 |           <ref-selector type="branch" data-targets="input-demux.sinks" data-action=[01;35m[K"[m[K
      |                                                                                    [01;35m[K^[m[K
[01m[Ksrc/Functions/swerve.c:1824:84:[m[K [01;31m[Kerror: [m[Kmissing terminating " character
[01m[Ksrc/Functions/swerve.c:1825:41:[m[K [01;31m[Kerror: [m[Kstray '[01m[K#[m[K' in program
 1825 |               input-entered:ref-selector[01;31m[K#[m[KinputEntered
      |                                         [01;31m[K^[m[K
[01m[Ksrc/Functions/swerve.c:1826:40:[m[K [01;31m[Kerror: [m[Kstray '[01m[K#[m[K' in program
 1826 |               tab-selected:ref-selector[01;31m[K#[m[KtabSelected
      |                                        [01;31m[K^[m[K
[01m[Ksrc/Functions/swerve.c:1827:38:[m[K [01;31m[Kerror: [m[Kstray '[01m[K#[m[K' in program
 1827 |               focus-list:ref-selector[01;31m[K#[m[KfocusFirstListMember
      |                                      [01;31m[K^[m[K
[01m[Ksrc/Functions/swerve.c:1828:257:[m[K [01;35m[Kwarning: [m[Kmissing terminating " character
 1828 |             " query-endpoint="/OmeedER/Vex_Swerve_Drive/refs" can-create="" cache-key="v0:1673652792.700157" current-committish="bWFpbg==" default-branch="bWFpbg==" name-with-owner="T21lZWRFUi9WZXhfU3dlcnZlX0RyaXZl" prefetch-on-mouseover="" data-catalyst="[01;35m[K"[m[K>
      |                                                                                                                                                                                                                                                                 [01;35m[K^[m[K
[01m[Ksrc/Functions/swerve.c:1828:257:[m[K [01;31m[Kerror: [m[Kmissing terminating " character
 1828 |             " query-endpoint="/OmeedER/Vex_Swerve_Drive/refs" can-create="" cache-key="v0:1673652792.700157" current-committish="bWFpbg==" default-branch="bWFpbg==" name-with-owner="T21lZWRFUi9WZXhfU3dlcnZlX0RyaXZl" prefetch-on-mouseover="" data-catalyst="[01;31m[K">[m[K
      |                                                                                                                                                                                                                                                                 [01;31m[K^~[m[K
[01m[Ksrc/Functions/swerve.c:1855:48:[m[K [01;35m[Kwarning: [m[Kmissing terminating " character
 1855 |           <ref-selector type="tag" data-action=[01;35m[K"[m[K
      |                                                [01;35m[K^[m[K
[01m[Ksrc/Functions/swerve.c:1855:48:[m[K [01;31m[Kerror: [m[Kmissing terminating " character
[01m[Ksrc/Functions/swerve.c:1856:41:[m[K [01;31m[Kerror: [m[Kstray '[01m[K#[m[K' in program
 1856 |               input-entered:ref-selector[01;31m[K#[m[KinputEntered
      |                                         [01;31m[K^[m[K
[01m[Ksrc/Functions/swerve.c:1857:40:[m[K [01;31m[Kerror: [m[Kstray '[01m[K#[m[K' in program
 1857 |               tab-selected:ref-selector[01;31m[K#[m[KtabSelected
      |                                        [01;31m[K^[m[K
[01m[Ksrc/Functions/swerve.c:1858:38:[m[K [01;31m[Kerror: [m[Kstray '[01m[K#[m[K' in program
 1858 |               focus-list:ref-selector[01;31m[K#[m[KfocusFirstListMember
      |                                      [01;31m[K^[m[K
[01m[Ksrc/Functions/swerve.c:1859:251:[m[K [01;35m[Kwarning: [m[Kmissing terminating " character
 1859 |             " data-targets="input-demux.sinks" query-endpoint="/OmeedER/Vex_Swerve_Drive/refs" cache-key="v0:1673652792.700157" current-committish="bWFpbg==" default-branch="bWFpbg==" name-with-owner="T21lZWRFUi9WZXhfU3dlcnZlX0RyaXZl" data-catalyst="[01;35m[K"[m[K>
      |                                                                                                                                                                                                                                                           [01;35m[K^[m[K
[01m[Ksrc/Functions/swerve.c:1859:251:[m[K [01;31m[Kerror: [m[Kmissing terminating " character
 1859 |             " data-targets="input-demux.sinks" query-endpoint="/OmeedER/Vex_Swerve_Drive/refs" cache-key="v0:1673652792.700157" current-committish="bWFpbg==" default-branch="bWFpbg==" name-with-owner="T21lZWRFUi9WZXhfU3dlcnZlX0RyaXZl" data-catalyst="[01;31m[K">[m[K
      |                                                                                                                                                                                                                                                           [01;31m[K^~[m[K
[01m[Ksrc/Functions/swerve.c:1948:26:[m[K [01;35m[Kwarning: [m[Kmissing terminating ' character
 1948 |                 <li><!-- [01;35m[K'[m[K"` --><!-- </textarea></xmp> --><form data-turbo="false" action="https://github.com/OmeedER/Vex_Swerve_Drive/new/main/SwerveDrive/src/Functions" accept-charset="UTF-8" method="post"><input type="hidden" name="authenticity_token" value="0FZaRN0RAWO1VOtvkNpcHC4PIt0WXUu-DteP3Epmw_CVRpsYiftwkU7YynuqeyjycorJMXvr4eLNxrjUVVHxKQ">
      |                          [01;35m[K^[m[K
[01m[Ksrc/Functions/swerve.c:1948:26:[m[K [01;31m[Kerror: [m[Kmissing terminating ' character
 1948 |                 <li><!-- [01;31m[K'"` --><!-- </textarea></xmp> --><form data-turbo="false" action="https://github.com/OmeedER/Vex_Swerve_Drive/new/main/SwerveDrive/src/Functions" accept-charset="UTF-8" method="post"><input type="hidden" name="authenticity_token" value="0FZaRN0RAWO1VOtvkNpcHC4PIt0WXUu-DteP3Epmw_CVRpsYiftwkU7YynuqeyjycorJMXvr4eLNxrjUVVHxKQ">[m[K
      |                          [01;31m[K^~~~~~~~~~~~~~~~~~~~~~~~~~~~~~~~~~~~~~~~~~~~~~~~~~~~~~~~~~~~~~~~~~~~~~~~~~~~~~~~~~~~~~~~~~~~~~~~~~~~~~~~~~~~~~~~~~~~~~~~~~~~~~~~~~~~~~~~~~~~~~~~~~~~~~~~~~~~~~~~~~~~~~~~~~~~~~~~~~~~~~~~~~~~~~~~~~~~~~~~~~~~~~~~~~~~~~~~~~~~~~~~~~~~~~~~~~~~~~~~~~~~~~~~~~~~~~~~~~~~~~~~~~~~~~~~~~~~~~~~~~~~~~~~~~~~~~~~~~~~~~~~~~~~~~~~~~~~~~~~~~~~~[m[K
[01m[Ksrc/Functions/swerve.c:1958:24:[m[K [01;35m[Kwarning: [m[Kmissing terminating ' character
 1958 |                   <!-- [01;35m[K'[m[K"` --><!-- </textarea></xmp> --><form data-turbo="false" action="https://github.com/OmeedER/Vex_Swerve_Drive/tree/delete/main/SwerveDrive/src/Functions" accept-charset="UTF-8" method="post"><input type="hidden" name="authenticity_token" value="AEhPt4ucz8eEediTWCuFZKarHhzJ7uedq6xeDT4f3erOz18Gf2o_5mWTbOYIOZ5CMUi5NR8qAd9QC9rprfrzXw">
      |                        [01;35m[K^[m[K
[01m[Ksrc/Functions/swerve.c:1958:24:[m[K [01;31m[Kerror: [m[Kmissing terminating ' character
 1958 |                   <!-- [01;31m[K'"` --><!-- </textarea></xmp> --><form data-turbo="false" action="https://github.com/OmeedER/Vex_Swerve_Drive/tree/delete/main/SwerveDrive/src/Functions" accept-charset="UTF-8" method="post"><input type="hidden" name="authenticity_token" value="AEhPt4ucz8eEediTWCuFZKarHhzJ7uedq6xeDT4f3erOz18Gf2o_5mWTbOYIOZ5CMUi5NR8qAd9QC9rprfrzXw">[m[K
      |                        [01;31m[K^~~~~~~~~~~~~~~~~~~~~~~~~~~~~~~~~~~~~~~~~~~~~~~~~~~~~~~~~~~~~~~~~~~~~~~~~~~~~~~~~~~~~~~~~~~~~~~~~~~~~~~~~~~~~~~~~~~~~~~~~~~~~~~~~~~~~~~~~~~~~~~~~~~~~~~~~~~~~~~~~~~~~~~~~~~~~~~~~~~~~~~~~~~~~~~~~~~~~~~~~~~~~~~~~~~~~~~~~~~~~~~~~~~~~~~~~~~~~~~~~~~~~~~~~~~~~~~~~~~~~~~~~~~~~~~~~~~~~~~~~~~~~~~~~~~~~~~~~~~~~~~~~~~~~~~~~~~~~~~~~~~~~~~~~~~~~[m[K
[01m[Ksrc/Functions/swerve.c:1972:24:[m[K [01;35m[Kwarning: [m[Kmissing terminating ' character
 1972 |                   <!-- [01;35m[K'[m[K"` --><!-- </textarea></xmp> --><form data-turbo="false" action="https://github.com/OmeedER/Vex_Swerve_Drive/tree/delete/main/SwerveDrive/src/Functions" accept-charset="UTF-8" method="post"><input type="hidden" name="authenticity_token" value="9cXlsiWBjxbPvEQhqEtYDpF6lIQA5KLWLM_3_irlWtY7QvUD0Xd_Ny5W8FT4WUMoBpkzrdYgRJTXaHMauQB0Yw">
      |                        [01;35m[K^[m[K
[01m[Ksrc/Functions/swerve.c:1972:24:[m[K [01;31m[Kerror: [m[Kmissing terminating ' character
 1972 |                   <!-- [01;31m[K'"` --><!-- </textarea></xmp> --><form data-turbo="false" action="https://github.com/OmeedER/Vex_Swerve_Drive/tree/delete/main/SwerveDrive/src/Functions" accept-charset="UTF-8" method="post"><input type="hidden" name="authenticity_token" value="9cXlsiWBjxbPvEQhqEtYDpF6lIQA5KLWLM_3_irlWtY7QvUD0Xd_Ny5W8FT4WUMoBpkzrdYgRJTXaHMauQB0Yw">[m[K
      |                        [01;31m[K^~~~~~~~~~~~~~~~~~~~~~~~~~~~~~~~~~~~~~~~~~~~~~~~~~~~~~~~~~~~~~~~~~~~~~~~~~~~~~~~~~~~~~~~~~~~~~~~~~~~~~~~~~~~~~~~~~~~~~~~~~~~~~~~~~~~~~~~~~~~~~~~~~~~~~~~~~~~~~~~~~~~~~~~~~~~~~~~~~~~~~~~~~~~~~~~~~~~~~~~~~~~~~~~~~~~~~~~~~~~~~~~~~~~~~~~~~~~~~~~~~~~~~~~~~~~~~~~~~~~~~~~~~~~~~~~~~~~~~~~~~~~~~~~~~~~~~~~~~~~~~~~~~~~~~~~~~~~~~~~~~~~~~~~~~~~~[m[K
[01m[Ksrc/Functions/swerve.c:2014:9:[m[K [01;31m[Kerror: [m[Kstray '[01m[K\342[m[K' in program
 2014 |         [01;31m[K…[m[K
      |         [01;31m[K^[m[K
[01m[Ksrc/Functions/swerve.c:2020:9:[m[K [01;31m[Kerror: [m[Kinvalid suffix "cf84a" on integer constant
 2020 |         [01;31m[K93cf84a[m[K
      |         [01;31m[K^~~~~~~[m[K
[01m[Ksrc/Functions/swerve.c:2032:58:[m[K [01;31m[Kerror: [m[Kinvalid suffix "cf84a" on integer constant
 2032 |       <code class="border d-lg-none mt-2 px-1 rounded-2">[01;31m[K93cf84a[m[K</code>
      |                                                          [01;31m[K^~~~~~~[m[K
[01m[Ksrc/Functions/swerve.c:2078:92:[m[K [01;31m[Kerror: [m[Kstray '[01m[K\342[m[K' in program
 2078 |               <span class="text-bold text-center d-inline-block" style="min-width: 16px;">.[01;31m[K [m[K.</span>
      |                                                                                            [01;31m[K^[m[K
[01m[Ksrc/Functions/swerve.c:2175:9:[m[K [01;31m[Kerror: [m[Kstray '[01m[K\302[m[K' in program
 2175 |         [01;31m[K©[m[K 2023 GitHub, Inc.
      |         [01;31m[K^[m[K
[01m[Ksrc/Functions/swerve.c:2215:12:[m[K [01;31m[Kerror: [m[Kstray '[01m[K\342[m[K' in program
 2215 |     You can[01;31m[K’[m[Kt perform that action at this time.
      |            [01;31m[K^[m[K
[01m[Ksrc/Functions/swerve.c:2238:24:[m[K [01;31m[Kerror: [m[Kinvalid suffix "px" on integer constant
 2238 |         border-radius: [01;31m[K2px[m[K;
      |                        [01;31m[K^~~[m[K
[01m[Ksrc/Functions/swerve.c:2239:23:[m[K [01;31m[Kerror: [m[Kinvalid suffix "px" on integer constant
 2239 |         margin-left: -[01;31m[K2px[m[K;
      |                       [01;31m[K^~~[m[K
[01m[Ksrc/Functions/swerve.c:2240:24:[m[K [01;31m[Kerror: [m[Kinvalid suffix "px" on integer constant
 2240 |         margin-right: -[01;31m[K2px[m[K;
      |                        [01;31m[K^~~[m[K
[01m[Ksrc/Functions/swerve.c:2241:20:[m[K [01;31m[Kerror: [m[Kinvalid suffix "px" on integer constant
 2241 |         padding: 0 [01;31m[K2px[m[K;
      |                    [01;31m[K^~~[m[K
[01m[Ksrc/Functions/swerve.c:2243:5:[m[K [01;31m[Kerror: [m[Kexpected identifier or '[01m[K([m[K' before '[01m[K<[m[K' token
 2243 |     [01;31m[K<[m[K/style>
      |     [01;31m[K^[m[K
